<?xml version="1.0" encoding="UTF-8"?>
<testsuite name="com.cn.betasoft.RedisTest" time="4.288" tests="2" errors="2" skipped="0" failures="0">
  <properties>
[...]
</properties>
  <testcase name="testJson" classname="com.cn.betasoft.RedisTest" time="2.285">
    <error message="Cannot get Jedis connection; nested exception is redis.clients.jedis.exceptions.JedisConnectionException: Could not get a resource from the pool" type="org.springframework.data.redis.RedisConnectionFailureException">org.springframework.data.redis.RedisConnectionFailureException: Cannot get Jedis connection; nested exception is redis.clients.jedis.exceptions.JedisConnectionException: Could not get a resource from the pool
	at java.net.DualStackPlainSocketImpl.waitForConnect(Native Method)
	at java.net.DualStackPlainSocketImpl.socketConnect(DualStackPlainSocketImpl.java:85)
	at java.net.AbstractPlainSocketImpl.doConnect(AbstractPlainSocketImpl.java:350)
	at java.net.AbstractPlainSocketImpl.connectToAddress(AbstractPlainSocketImpl.java:206)
	at java.net.AbstractPlainSocketImpl.connect(AbstractPlainSocketImpl.java:188)
	at java.net.PlainSocketImpl.connect(PlainSocketImpl.java:172)
	at java.net.SocksSocketImpl.connect(SocksSocketImpl.java:392)
	at java.net.Socket.connect(Socket.java:589)
	at redis.clients.jedis.Connection.connect(Connection.java:184)
	at redis.clients.jedis.BinaryClient.connect(BinaryClient.java:93)
	at redis.clients.jedis.BinaryJedis.connect(BinaryJedis.java:1767)
	at redis.clients.jedis.JedisFactory.makeObject(JedisFactory.java:106)
	at org.apache.commons.pool2.impl.GenericObjectPool.create(GenericObjectPool.java:888)
	at org.apache.commons.pool2.impl.GenericObjectPool.borrowObject(GenericObjectPool.java:432)
	at org.apache.commons.pool2.impl.GenericObjectPool.borrowObject(GenericObjectPool.java:361)
	at redis.clients.util.Pool.getResource(Pool.java:49)
	at redis.clients.jedis.JedisPool.getResource(JedisPool.java:226)
	at redis.clients.jedis.JedisPool.getResource(JedisPool.java:16)
	at org.springframework.data.redis.connection.jedis.JedisConnectionFactory.fetchJedisConnector(JedisConnectionFactory.java:194)
	at org.springframework.data.redis.connection.jedis.JedisConnectionFactory.getConnection(JedisConnectionFactory.java:348)
	at org.springframework.data.redis.core.RedisConnectionUtils.doGetConnection(RedisConnectionUtils.java:129)
	at org.springframework.data.redis.core.RedisConnectionUtils.getConnection(RedisConnectionUtils.java:92)
	at org.springframework.data.redis.core.RedisConnectionUtils.getConnection(RedisConnectionUtils.java:79)
	at org.springframework.data.redis.core.RedisTemplate.execute(RedisTemplate.java:194)
	at org.springframework.data.redis.core.RedisTemplate.execute(RedisTemplate.java:169)
	at org.springframework.data.redis.core.AbstractOperations.execute(AbstractOperations.java:91)
	at org.springframework.data.redis.core.DefaultValueOperations.set(DefaultValueOperations.java:169)
	at com.cn.betasoft.RedisTest.testJson(RedisTest.java:41)
</error>
    <system-out><![CDATA[16:54:36.503 [main] DEBUG org.springframework.test.context.junit4.SpringJUnit4ClassRunner - SpringJUnit4ClassRunner constructor called with [class com.cn.betasoft.RedisTest]
16:54:36.504 [main] DEBUG org.springframework.test.context.BootstrapUtils - Instantiating CacheAwareContextLoaderDelegate from class [org.springframework.test.context.cache.DefaultCacheAwareContextLoaderDelegate]
16:54:36.504 [main] DEBUG org.springframework.test.context.BootstrapUtils - Instantiating BootstrapContext using constructor [public org.springframework.test.context.support.DefaultBootstrapContext(java.lang.Class,org.springframework.test.context.CacheAwareContextLoaderDelegate)]
16:54:36.505 [main] DEBUG org.springframework.test.context.BootstrapUtils - Instantiating TestContextBootstrapper for test class [com.cn.betasoft.RedisTest] from class [org.springframework.boot.test.context.SpringBootTestContextBootstrapper]
16:54:36.506 [main] INFO org.springframework.boot.test.context.SpringBootTestContextBootstrapper - Neither @ContextConfiguration nor @ContextHierarchy found for test class [com.cn.betasoft.RedisTest], using SpringBootContextLoader
16:54:36.507 [main] DEBUG org.springframework.test.context.support.AbstractContextLoader - Did not detect default resource location for test class [com.cn.betasoft.RedisTest]: class path resource [com/cn/betasoft/RedisTest-context.xml] does not exist
16:54:36.507 [main] DEBUG org.springframework.test.context.support.AbstractContextLoader - Did not detect default resource location for test class [com.cn.betasoft.RedisTest]: class path resource [com/cn/betasoft/RedisTestContext.groovy] does not exist
16:54:36.507 [main] INFO org.springframework.test.context.support.AbstractContextLoader - Could not detect default resource locations for test class [com.cn.betasoft.RedisTest]: no resource found for suffixes {-context.xml, Context.groovy}.
16:54:36.514 [main] DEBUG org.springframework.test.context.support.ActiveProfilesUtils - Could not find an 'annotation declaring class' for annotation type [org.springframework.test.context.ActiveProfiles] and class [com.cn.betasoft.RedisTest]
16:54:36.518 [main] DEBUG org.springframework.boot.test.context.SpringBootTestContextBootstrapper - @TestExecutionListeners is not present for class [com.cn.betasoft.RedisTest]: using defaults.
16:54:36.525 [main] INFO org.springframework.boot.test.context.SpringBootTestContextBootstrapper - Loaded default TestExecutionListener class names from location [META-INF/spring.factories]: [org.springframework.boot.test.mock.mockito.MockitoTestExecutionListener, org.springframework.boot.test.mock.mockito.ResetMocksTestExecutionListener, org.springframework.boot.test.autoconfigure.restdocs.RestDocsTestExecutionListener, org.springframework.boot.test.autoconfigure.web.client.MockRestServiceServerResetTestExecutionListener, org.springframework.boot.test.autoconfigure.web.servlet.MockMvcPrintOnlyOnFailureTestExecutionListener, org.springframework.boot.test.autoconfigure.web.servlet.WebDriverTestExecutionListener, org.springframework.test.context.web.ServletTestExecutionListener, org.springframework.test.context.support.DirtiesContextBeforeModesTestExecutionListener, org.springframework.test.context.support.DependencyInjectionTestExecutionListener, org.springframework.test.context.support.DirtiesContextTestExecutionListener, org.springframework.test.context.transaction.TransactionalTestExecutionListener, org.springframework.test.context.jdbc.SqlScriptsTestExecutionListener]
16:54:36.536 [main] INFO org.springframework.boot.test.context.SpringBootTestContextBootstrapper - Using TestExecutionListeners: [org.springframework.test.context.web.ServletTestExecutionListener@448ff1a8, org.springframework.test.context.support.DirtiesContextBeforeModesTestExecutionListener@1a38c59b, org.springframework.boot.test.autoconfigure.SpringBootDependencyInjectionTestExecutionListener@7f77e91b, org.springframework.test.context.support.DirtiesContextTestExecutionListener@44a664f2, org.springframework.test.context.transaction.TransactionalTestExecutionListener@7f9fcf7f, org.springframework.test.context.jdbc.SqlScriptsTestExecutionListener@2357d90a, org.springframework.boot.test.autoconfigure.web.client.MockRestServiceServerResetTestExecutionListener@6328d34a, org.springframework.boot.test.mock.mockito.MockitoTestExecutionListener@145eaa29, org.springframework.boot.test.autoconfigure.restdocs.RestDocsTestExecutionListener@15bb6bea, org.springframework.boot.test.autoconfigure.web.servlet.WebDriverTestExecutionListener@8b96fde, org.springframework.boot.test.autoconfigure.web.servlet.MockMvcPrintOnlyOnFailureTestExecutionListener@2d2e5f00, org.springframework.boot.test.mock.mockito.ResetMocksTestExecutionListener@4c40b76e]
16:54:36.536 [main] DEBUG org.springframework.test.annotation.ProfileValueUtils - Retrieved @ProfileValueSourceConfiguration [null] for test class [com.cn.betasoft.RedisTest]
16:54:36.537 [main] DEBUG org.springframework.test.annotation.ProfileValueUtils - Retrieved ProfileValueSource type [class org.springframework.test.annotation.SystemProfileValueSource] for class [com.cn.betasoft.RedisTest]
16:54:36.538 [main] DEBUG org.springframework.test.annotation.ProfileValueUtils - Retrieved @ProfileValueSourceConfiguration [null] for test class [com.cn.betasoft.RedisTest]
16:54:36.539 [main] DEBUG org.springframework.test.annotation.ProfileValueUtils - Retrieved ProfileValueSource type [class org.springframework.test.annotation.SystemProfileValueSource] for class [com.cn.betasoft.RedisTest]
16:54:36.545 [main] DEBUG org.springframework.test.context.support.AbstractDirtiesContextTestExecutionListener - Before test class: context [DefaultTestContext@4ae3c1cd testClass = RedisTest, testInstance = [null], testMethod = [null], testException = [null], mergedContextConfiguration = [WebMergedContextConfiguration@29f69090 testClass = RedisTest, locations = '{}', classes = '{class com.cn.betasoft.myApp, class com.cn.betasoft.myApp}', contextInitializerClasses = '[]', activeProfiles = '{}', propertySourceLocations = '{}', propertySourceProperties = '{org.springframework.boot.test.context.SpringBootTestContextBootstrapper=true}', contextCustomizers = set[org.springframework.boot.test.context.SpringBootTestContextCustomizer@610694f1, org.springframework.boot.test.context.filter.ExcludeFilterContextCustomizer@3701eaf6, org.springframework.boot.test.json.DuplicateJsonObjectContextCustomizerFactory$DuplicateJsonObjectContextCustomizer@2758fe70, org.springframework.boot.test.mock.mockito.MockitoContextCustomizer@0, org.springframework.boot.test.autoconfigure.properties.PropertyMappingContextCustomizer@0, org.springframework.boot.test.autoconfigure.web.servlet.WebDriverContextCustomizerFactory$Customizer@694e1548], resourceBasePath = 'src/main/webapp', contextLoader = 'org.springframework.boot.test.context.SpringBootContextLoader', parent = [null]]], class annotated with @DirtiesContext [false] with mode [null].
16:54:36.546 [main] DEBUG org.springframework.test.annotation.ProfileValueUtils - Retrieved @ProfileValueSourceConfiguration [null] for test class [com.cn.betasoft.RedisTest]
16:54:36.547 [main] DEBUG org.springframework.test.annotation.ProfileValueUtils - Retrieved ProfileValueSource type [class org.springframework.test.annotation.SystemProfileValueSource] for class [com.cn.betasoft.RedisTest]
16:54:36.651 [main] DEBUG org.springframework.core.env.StandardEnvironment - Adding PropertySource 'systemProperties' with lowest search precedence
16:54:36.654 [main] DEBUG org.springframework.core.env.StandardEnvironment - Adding PropertySource 'systemEnvironment' with lowest search precedence
16:54:36.655 [main] DEBUG org.springframework.core.env.StandardEnvironment - Initialized StandardEnvironment with PropertySources [MapPropertySource@388357135 {name='systemProperties', properties={idea.version=13.1.3, java.runtime.name=Java(TM) SE Runtime Environment, sun.boot.library.path=C:\Program Files\Java\jdk1.8.0_171\jre\bin, java.vm.version=25.171-b11, java.vm.vendor=Oracle Corporation, java.vendor.url=http://java.oracle.com/, path.separator=;, java.vm.name=Java HotSpot(TM) 64-Bit Server VM, file.encoding.pkg=sun.io, user.country=CN, user.script=, sun.java.launcher=SUN_STANDARD, sun.os.patch.level=Service Pack 1, java.vm.specification.name=Java Virtual Machine Specification, user.dir=D:\appProject\firstboot, java.runtime.version=1.8.0_171-b11, basedir=D:\appProject\firstboot, java.awt.graphicsenv=sun.awt.Win32GraphicsEnvironment, java.endorsed.dirs=C:\Program Files\Java\jdk1.8.0_171\jre\lib\endorsed, os.arch=amd64, surefire.real.class.path=D:\appProject\firstboot\target\surefire\surefirebooter8160317802230809598.jar, java.io.tmpdir=C:\Users\ZC-16-~1\AppData\Local\Temp\, line.separator=
, java.vm.specification.vendor=Oracle Corporation, user.variant=, os.name=Windows 7, sun.jnu.encoding=GBK, java.library.path=C:\Program Files\Java\jdk1.8.0_171\jre\bin;C:\Windows\Sun\Java\bin;C:\Windows\system32;C:\Windows;C:\Program Files (x86)\Common Files\Oracle\Java\javapath;C:\Windows\system32;C:\Windows;C:\Windows\System32\Wbem;C:\Windows\System32\WindowsPowerShell\v1.0\;C:\Program Files (x86)\AMD\ATI.ACE\Core-Static;C:\Program Files\TortoiseSVN\bin;C:\Program Files\Java\jdk1.8.0_171\bin;D:\tools\jre\jetty\bin;D:\tools\jre\jetty\bin;D:\evn\maven\apache-maven-3.2.1\bin;C:\Program Files\nodejs\;D:\Git\cmd;D:\python;C:\Users\ZC-16-012\AppData\Roaming\npm;., surefire.test.class.path=D:\appProject\firstboot\target\test-classes;D:\appProject\firstboot\target\classes;D:\evn\maven\mavenrep\org\springframework\boot\spring-boot-starter-web\1.5.9.RELEASE\spring-boot-starter-web-1.5.9.RELEASE.jar;D:\evn\maven\mavenrep\org\springframework\boot\spring-boot-starter\1.5.9.RELEASE\spring-boot-starter-1.5.9.RELEASE.jar;D:\evn\maven\mavenrep\org\springframework\boot\spring-boot-starter-logging\1.5.9.RELEASE\spring-boot-starter-logging-1.5.9.RELEASE.jar;D:\evn\maven\mavenrep\ch\qos\logback\logback-classic\1.1.11\logback-classic-1.1.11.jar;D:\evn\maven\mavenrep\ch\qos\logback\logback-core\1.1.11\logback-core-1.1.11.jar;D:\evn\maven\mavenrep\org\slf4j\jul-to-slf4j\1.7.25\jul-to-slf4j-1.7.25.jar;D:\evn\maven\mavenrep\org\slf4j\log4j-over-slf4j\1.7.25\log4j-over-slf4j-1.7.25.jar;D:\evn\maven\mavenrep\org\yaml\snakeyaml\1.17\snakeyaml-1.17.jar;D:\evn\maven\mavenrep\org\springframework\boot\spring-boot-starter-tomcat\1.5.9.RELEASE\spring-boot-starter-tomcat-1.5.9.RELEASE.jar;D:\evn\maven\mavenrep\org\apache\tomcat\embed\tomcat-embed-core\8.5.23\tomcat-embed-core-8.5.23.jar;D:\evn\maven\mavenrep\org\apache\tomcat\tomcat-annotations-api\8.5.23\tomcat-annotations-api-8.5.23.jar;D:\evn\maven\mavenrep\org\apache\tomcat\embed\tomcat-embed-el\8.5.23\tomcat-embed-el-8.5.23.jar;D:\evn\maven\mavenrep\org\apache\tomcat\embed\tomcat-embed-websocket\8.5.23\tomcat-embed-websocket-8.5.23.jar;D:\evn\maven\mavenrep\org\hibernate\hibernate-validator\5.3.6.Final\hibernate-validator-5.3.6.Final.jar;D:\evn\maven\mavenrep\javax\validation\validation-api\1.1.0.Final\validation-api-1.1.0.Final.jar;D:\evn\maven\mavenrep\org\jboss\logging\jboss-logging\3.3.1.Final\jboss-logging-3.3.1.Final.jar;D:\evn\maven\mavenrep\com\fasterxml\jackson\core\jackson-databind\2.8.10\jackson-databind-2.8.10.jar;D:\evn\maven\mavenrep\com\fasterxml\jackson\core\jackson-annotations\2.8.0\jackson-annotations-2.8.0.jar;D:\evn\maven\mavenrep\com\fasterxml\jackson\core\jackson-core\2.8.10\jackson-core-2.8.10.jar;D:\evn\maven\mavenrep\org\springframework\spring-web\4.3.13.RELEASE\spring-web-4.3.13.RELEASE.jar;D:\evn\maven\mavenrep\org\springframework\spring-aop\4.3.13.RELEASE\spring-aop-4.3.13.RELEASE.jar;D:\evn\maven\mavenrep\org\springframework\spring-beans\4.3.13.RELEASE\spring-beans-4.3.13.RELEASE.jar;D:\evn\maven\mavenrep\org\springframework\spring-context\4.3.13.RELEASE\spring-context-4.3.13.RELEASE.jar;D:\evn\maven\mavenrep\org\springframework\spring-webmvc\4.3.13.RELEASE\spring-webmvc-4.3.13.RELEASE.jar;D:\evn\maven\mavenrep\org\springframework\spring-expression\4.3.13.RELEASE\spring-expression-4.3.13.RELEASE.jar;D:\evn\maven\mavenrep\org\springframework\boot\spring-boot-devtools\1.5.9.RELEASE\spring-boot-devtools-1.5.9.RELEASE.jar;D:\evn\maven\mavenrep\org\springframework\boot\spring-boot\1.5.9.RELEASE\spring-boot-1.5.9.RELEASE.jar;D:\evn\maven\mavenrep\org\springframework\boot\spring-boot-autoconfigure\1.5.9.RELEASE\spring-boot-autoconfigure-1.5.9.RELEASE.jar;D:\evn\maven\mavenrep\org\springframework\boot\spring-boot-starter-data-redis\1.5.9.RELEASE\spring-boot-starter-data-redis-1.5.9.RELEASE.jar;D:\evn\maven\mavenrep\org\springframework\data\spring-data-redis\1.8.9.RELEASE\spring-data-redis-1.8.9.RELEASE.jar;D:\evn\maven\mavenrep\org\springframework\data\spring-data-keyvalue\1.2.9.RELEASE\spring-data-keyvalue-1.2.9.RELEASE.jar;D:\evn\maven\mavenrep\org\springframework\data\spring-data-commons\1.13.9.RELEASE\spring-data-commons-1.13.9.RELEASE.jar;D:\evn\maven\mavenrep\org\springframework\spring-tx\4.3.13.RELEASE\spring-tx-4.3.13.RELEASE.jar;D:\evn\maven\mavenrep\org\springframework\spring-oxm\4.3.13.RELEASE\spring-oxm-4.3.13.RELEASE.jar;D:\evn\maven\mavenrep\org\springframework\spring-context-support\4.3.13.RELEASE\spring-context-support-4.3.13.RELEASE.jar;D:\evn\maven\mavenrep\org\slf4j\jcl-over-slf4j\1.7.25\jcl-over-slf4j-1.7.25.jar;D:\evn\maven\mavenrep\redis\clients\jedis\2.9.0\jedis-2.9.0.jar;D:\evn\maven\mavenrep\org\apache\commons\commons-pool2\2.4.3\commons-pool2-2.4.3.jar;D:\evn\maven\mavenrep\org\springframework\boot\spring-boot-starter-test\1.5.9.RELEASE\spring-boot-starter-test-1.5.9.RELEASE.jar;D:\evn\maven\mavenrep\org\springframework\boot\spring-boot-test\1.5.9.RELEASE\spring-boot-test-1.5.9.RELEASE.jar;D:\evn\maven\mavenrep\org\springframework\boot\spring-boot-test-autoconfigure\1.5.9.RELEASE\spring-boot-test-autoconfigure-1.5.9.RELEASE.jar;D:\evn\maven\mavenrep\com\jayway\jsonpath\json-path\2.2.0\json-path-2.2.0.jar;D:\evn\maven\mavenrep\net\minidev\json-smart\2.2.1\json-smart-2.2.1.jar;D:\evn\maven\mavenrep\net\minidev\accessors-smart\1.1\accessors-smart-1.1.jar;D:\evn\maven\mavenrep\org\ow2\asm\asm\5.0.3\asm-5.0.3.jar;D:\evn\maven\mavenrep\junit\junit\4.12\junit-4.12.jar;D:\evn\maven\mavenrep\org\assertj\assertj-core\2.6.0\assertj-core-2.6.0.jar;D:\evn\maven\mavenrep\org\mockito\mockito-core\1.10.19\mockito-core-1.10.19.jar;D:\evn\maven\mavenrep\org\objenesis\objenesis\2.1\objenesis-2.1.jar;D:\evn\maven\mavenrep\org\hamcrest\hamcrest-core\1.3\hamcrest-core-1.3.jar;D:\evn\maven\mavenrep\org\hamcrest\hamcrest-library\1.3\hamcrest-library-1.3.jar;D:\evn\maven\mavenrep\org\skyscreamer\jsonassert\1.4.0\jsonassert-1.4.0.jar;D:\evn\maven\mavenrep\com\vaadin\external\google\android-json\0.0.20131108.vaadin1\android-json-0.0.20131108.vaadin1.jar;D:\evn\maven\mavenrep\org\springframework\spring-core\4.3.13.RELEASE\spring-core-4.3.13.RELEASE.jar;D:\evn\maven\mavenrep\org\springframework\spring-test\4.3.13.RELEASE\spring-test-4.3.13.RELEASE.jar;D:\evn\maven\mavenrep\io\springfox\springfox-swagger2\2.6.1\springfox-swagger2-2.6.1.jar;D:\evn\maven\mavenrep\io\swagger\swagger-annotations\1.5.10\swagger-annotations-1.5.10.jar;D:\evn\maven\mavenrep\io\swagger\swagger-models\1.5.10\swagger-models-1.5.10.jar;D:\evn\maven\mavenrep\io\springfox\springfox-spi\2.6.1\springfox-spi-2.6.1.jar;D:\evn\maven\mavenrep\io\springfox\springfox-core\2.6.1\springfox-core-2.6.1.jar;D:\evn\maven\mavenrep\io\springfox\springfox-schema\2.6.1\springfox-schema-2.6.1.jar;D:\evn\maven\mavenrep\io\springfox\springfox-swagger-common\2.6.1\springfox-swagger-common-2.6.1.jar;D:\evn\maven\mavenrep\io\springfox\springfox-spring-web\2.6.1\springfox-spring-web-2.6.1.jar;D:\evn\maven\mavenrep\com\google\guava\guava\18.0\guava-18.0.jar;D:\evn\maven\mavenrep\com\fasterxml\classmate\1.3.4\classmate-1.3.4.jar;D:\evn\maven\mavenrep\org\slf4j\slf4j-api\1.7.25\slf4j-api-1.7.25.jar;D:\evn\maven\mavenrep\org\springframework\plugin\spring-plugin-core\1.2.0.RELEASE\spring-plugin-core-1.2.0.RELEASE.jar;D:\evn\maven\mavenrep\org\springframework\plugin\spring-plugin-metadata\1.2.0.RELEASE\spring-plugin-metadata-1.2.0.RELEASE.jar;D:\evn\maven\mavenrep\org\mapstruct\mapstruct\1.0.0.Final\mapstruct-1.0.0.Final.jar;D:\evn\maven\mavenrep\io\springfox\springfox-swagger-ui\2.6.1\springfox-swagger-ui-2.6.1.jar;, java.specification.name=Java Platform API Specification, java.class.version=52.0, sun.management.compiler=HotSpot 64-Bit Tiered Compilers, os.version=6.1, user.home=C:\Users\ZC-16-012, user.timezone=Asia/Shanghai, java.awt.printerjob=sun.awt.windows.WPrinterJob, file.encoding=GBK, java.specification.version=1.8, java.class.path=D:\appProject\firstboot\target\test-classes;D:\appProject\firstboot\target\classes;D:\evn\maven\mavenrep\org\springframework\boot\spring-boot-starter-web\1.5.9.RELEASE\spring-boot-starter-web-1.5.9.RELEASE.jar;D:\evn\maven\mavenrep\org\springframework\boot\spring-boot-starter\1.5.9.RELEASE\spring-boot-starter-1.5.9.RELEASE.jar;D:\evn\maven\mavenrep\org\springframework\boot\spring-boot-starter-logging\1.5.9.RELEASE\spring-boot-starter-logging-1.5.9.RELEASE.jar;D:\evn\maven\mavenrep\ch\qos\logback\logback-classic\1.1.11\logback-classic-1.1.11.jar;D:\evn\maven\mavenrep\ch\qos\logback\logback-core\1.1.11\logback-core-1.1.11.jar;D:\evn\maven\mavenrep\org\slf4j\jul-to-slf4j\1.7.25\jul-to-slf4j-1.7.25.jar;D:\evn\maven\mavenrep\org\slf4j\log4j-over-slf4j\1.7.25\log4j-over-slf4j-1.7.25.jar;D:\evn\maven\mavenrep\org\yaml\snakeyaml\1.17\snakeyaml-1.17.jar;D:\evn\maven\mavenrep\org\springframework\boot\spring-boot-starter-tomcat\1.5.9.RELEASE\spring-boot-starter-tomcat-1.5.9.RELEASE.jar;D:\evn\maven\mavenrep\org\apache\tomcat\embed\tomcat-embed-core\8.5.23\tomcat-embed-core-8.5.23.jar;D:\evn\maven\mavenrep\org\apache\tomcat\tomcat-annotations-api\8.5.23\tomcat-annotations-api-8.5.23.jar;D:\evn\maven\mavenrep\org\apache\tomcat\embed\tomcat-embed-el\8.5.23\tomcat-embed-el-8.5.23.jar;D:\evn\maven\mavenrep\org\apache\tomcat\embed\tomcat-embed-websocket\8.5.23\tomcat-embed-websocket-8.5.23.jar;D:\evn\maven\mavenrep\org\hibernate\hibernate-validator\5.3.6.Final\hibernate-validator-5.3.6.Final.jar;D:\evn\maven\mavenrep\javax\validation\validation-api\1.1.0.Final\validation-api-1.1.0.Final.jar;D:\evn\maven\mavenrep\org\jboss\logging\jboss-logging\3.3.1.Final\jboss-logging-3.3.1.Final.jar;D:\evn\maven\mavenrep\com\fasterxml\jackson\core\jackson-databind\2.8.10\jackson-databind-2.8.10.jar;D:\evn\maven\mavenrep\com\fasterxml\jackson\core\jackson-annotations\2.8.0\jackson-annotations-2.8.0.jar;D:\evn\maven\mavenrep\com\fasterxml\jackson\core\jackson-core\2.8.10\jackson-core-2.8.10.jar;D:\evn\maven\mavenrep\org\springframework\spring-web\4.3.13.RELEASE\spring-web-4.3.13.RELEASE.jar;D:\evn\maven\mavenrep\org\springframework\spring-aop\4.3.13.RELEASE\spring-aop-4.3.13.RELEASE.jar;D:\evn\maven\mavenrep\org\springframework\spring-beans\4.3.13.RELEASE\spring-beans-4.3.13.RELEASE.jar;D:\evn\maven\mavenrep\org\springframework\spring-context\4.3.13.RELEASE\spring-context-4.3.13.RELEASE.jar;D:\evn\maven\mavenrep\org\springframework\spring-webmvc\4.3.13.RELEASE\spring-webmvc-4.3.13.RELEASE.jar;D:\evn\maven\mavenrep\org\springframework\spring-expression\4.3.13.RELEASE\spring-expression-4.3.13.RELEASE.jar;D:\evn\maven\mavenrep\org\springframework\boot\spring-boot-devtools\1.5.9.RELEASE\spring-boot-devtools-1.5.9.RELEASE.jar;D:\evn\maven\mavenrep\org\springframework\boot\spring-boot\1.5.9.RELEASE\spring-boot-1.5.9.RELEASE.jar;D:\evn\maven\mavenrep\org\springframework\boot\spring-boot-autoconfigure\1.5.9.RELEASE\spring-boot-autoconfigure-1.5.9.RELEASE.jar;D:\evn\maven\mavenrep\org\springframework\boot\spring-boot-starter-data-redis\1.5.9.RELEASE\spring-boot-starter-data-redis-1.5.9.RELEASE.jar;D:\evn\maven\mavenrep\org\springframework\data\spring-data-redis\1.8.9.RELEASE\spring-data-redis-1.8.9.RELEASE.jar;D:\evn\maven\mavenrep\org\springframework\data\spring-data-keyvalue\1.2.9.RELEASE\spring-data-keyvalue-1.2.9.RELEASE.jar;D:\evn\maven\mavenrep\org\springframework\data\spring-data-commons\1.13.9.RELEASE\spring-data-commons-1.13.9.RELEASE.jar;D:\evn\maven\mavenrep\org\springframework\spring-tx\4.3.13.RELEASE\spring-tx-4.3.13.RELEASE.jar;D:\evn\maven\mavenrep\org\springframework\spring-oxm\4.3.13.RELEASE\spring-oxm-4.3.13.RELEASE.jar;D:\evn\maven\mavenrep\org\springframework\spring-context-support\4.3.13.RELEASE\spring-context-support-4.3.13.RELEASE.jar;D:\evn\maven\mavenrep\org\slf4j\jcl-over-slf4j\1.7.25\jcl-over-slf4j-1.7.25.jar;D:\evn\maven\mavenrep\redis\clients\jedis\2.9.0\jedis-2.9.0.jar;D:\evn\maven\mavenrep\org\apache\commons\commons-pool2\2.4.3\commons-pool2-2.4.3.jar;D:\evn\maven\mavenrep\org\springframework\boot\spring-boot-starter-test\1.5.9.RELEASE\spring-boot-starter-test-1.5.9.RELEASE.jar;D:\evn\maven\mavenrep\org\springframework\boot\spring-boot-test\1.5.9.RELEASE\spring-boot-test-1.5.9.RELEASE.jar;D:\evn\maven\mavenrep\org\springframework\boot\spring-boot-test-autoconfigure\1.5.9.RELEASE\spring-boot-test-autoconfigure-1.5.9.RELEASE.jar;D:\evn\maven\mavenrep\com\jayway\jsonpath\json-path\2.2.0\json-path-2.2.0.jar;D:\evn\maven\mavenrep\net\minidev\json-smart\2.2.1\json-smart-2.2.1.jar;D:\evn\maven\mavenrep\net\minidev\accessors-smart\1.1\accessors-smart-1.1.jar;D:\evn\maven\mavenrep\org\ow2\asm\asm\5.0.3\asm-5.0.3.jar;D:\evn\maven\mavenrep\junit\junit\4.12\junit-4.12.jar;D:\evn\maven\mavenrep\org\assertj\assertj-core\2.6.0\assertj-core-2.6.0.jar;D:\evn\maven\mavenrep\org\mockito\mockito-core\1.10.19\mockito-core-1.10.19.jar;D:\evn\maven\mavenrep\org\objenesis\objenesis\2.1\objenesis-2.1.jar;D:\evn\maven\mavenrep\org\hamcrest\hamcrest-core\1.3\hamcrest-core-1.3.jar;D:\evn\maven\mavenrep\org\hamcrest\hamcrest-library\1.3\hamcrest-library-1.3.jar;D:\evn\maven\mavenrep\org\skyscreamer\jsonassert\1.4.0\jsonassert-1.4.0.jar;D:\evn\maven\mavenrep\com\vaadin\external\google\android-json\0.0.20131108.vaadin1\android-json-0.0.20131108.vaadin1.jar;D:\evn\maven\mavenrep\org\springframework\spring-core\4.3.13.RELEASE\spring-core-4.3.13.RELEASE.jar;D:\evn\maven\mavenrep\org\springframework\spring-test\4.3.13.RELEASE\spring-test-4.3.13.RELEASE.jar;D:\evn\maven\mavenrep\io\springfox\springfox-swagger2\2.6.1\springfox-swagger2-2.6.1.jar;D:\evn\maven\mavenrep\io\swagger\swagger-annotations\1.5.10\swagger-annotations-1.5.10.jar;D:\evn\maven\mavenrep\io\swagger\swagger-models\1.5.10\swagger-models-1.5.10.jar;D:\evn\maven\mavenrep\io\springfox\springfox-spi\2.6.1\springfox-spi-2.6.1.jar;D:\evn\maven\mavenrep\io\springfox\springfox-core\2.6.1\springfox-core-2.6.1.jar;D:\evn\maven\mavenrep\io\springfox\springfox-schema\2.6.1\springfox-schema-2.6.1.jar;D:\evn\maven\mavenrep\io\springfox\springfox-swagger-common\2.6.1\springfox-swagger-common-2.6.1.jar;D:\evn\maven\mavenrep\io\springfox\springfox-spring-web\2.6.1\springfox-spring-web-2.6.1.jar;D:\evn\maven\mavenrep\com\google\guava\guava\18.0\guava-18.0.jar;D:\evn\maven\mavenrep\com\fasterxml\classmate\1.3.4\classmate-1.3.4.jar;D:\evn\maven\mavenrep\org\slf4j\slf4j-api\1.7.25\slf4j-api-1.7.25.jar;D:\evn\maven\mavenrep\org\springframework\plugin\spring-plugin-core\1.2.0.RELEASE\spring-plugin-core-1.2.0.RELEASE.jar;D:\evn\maven\mavenrep\org\springframework\plugin\spring-plugin-metadata\1.2.0.RELEASE\spring-plugin-metadata-1.2.0.RELEASE.jar;D:\evn\maven\mavenrep\org\mapstruct\mapstruct\1.0.0.Final\mapstruct-1.0.0.Final.jar;D:\evn\maven\mavenrep\io\springfox\springfox-swagger-ui\2.6.1\springfox-swagger-ui-2.6.1.jar;, user.name=ZC-16-012, java.vm.specification.version=1.8, sun.java.command=D:\appProject\firstboot\target\surefire\surefirebooter8160317802230809598.jar D:\appProject\firstboot\target\surefire\surefire8847648846548939989tmp D:\appProject\firstboot\target\surefire\surefire_06101259800241514709tmp, java.home=C:\Program Files\Java\jdk1.8.0_171\jre, sun.arch.data.model=64, user.language=zh, java.specification.vendor=Oracle Corporation, awt.toolkit=sun.awt.windows.WToolkit, java.vm.info=mixed mode, java.version=1.8.0_171, java.ext.dirs=C:\Program Files\Java\jdk1.8.0_171\jre\lib\ext;C:\Windows\Sun\Java\lib\ext, sun.boot.class.path=C:\Program Files\Java\jdk1.8.0_171\jre\lib\resources.jar;C:\Program Files\Java\jdk1.8.0_171\jre\lib\rt.jar;C:\Program Files\Java\jdk1.8.0_171\jre\lib\sunrsasign.jar;C:\Program Files\Java\jdk1.8.0_171\jre\lib\jsse.jar;C:\Program Files\Java\jdk1.8.0_171\jre\lib\jce.jar;C:\Program Files\Java\jdk1.8.0_171\jre\lib\charsets.jar;C:\Program Files\Java\jdk1.8.0_171\jre\lib\jfr.jar;C:\Program Files\Java\jdk1.8.0_171\jre\classes, java.vendor=Oracle Corporation, localRepository=D:\evn\maven\mavenrep, file.separator=\, java.vendor.url.bug=http://bugreport.sun.com/bugreport/, sun.io.unicode.encoding=UnicodeLittle, sun.cpu.endian=little, sun.desktop=windows, sun.cpu.isalist=amd64}}, SystemEnvironmentPropertySource@957465255 {name='systemEnvironment', properties={PATH=C:\Program Files (x86)\Common Files\Oracle\Java\javapath;C:\Windows\system32;C:\Windows;C:\Windows\System32\Wbem;C:\Windows\System32\WindowsPowerShell\v1.0\;C:\Program Files (x86)\AMD\ATI.ACE\Core-Static;C:\Program Files\TortoiseSVN\bin;C:\Program Files\Java\jdk1.8.0_171\bin;D:\tools\jre\jetty\bin;D:\tools\jre\jetty\bin;D:\evn\maven\apache-maven-3.2.1\bin;C:\Program Files\nodejs\;D:\Git\cmd;D:\python;C:\Users\ZC-16-012\AppData\Roaming\npm, LOCALAPPDATA=C:\Users\ZC-16-012\AppData\Local, PROCESSOR_LEVEL=21, SYSTEMDRIVE=C:, COMMONPROGRAMFILES(X86)=C:\Program Files (x86)\Common Files, FP_NO_HOST_CHECK=NO, USERDOMAIN=administrator, LOGONSERVER=\\ADMINISTRATOR, JAVA_HOME=C:\Program Files\Java\jdk1.8.0_171, PROMPT=$P$G, POSTGIS_GDAL_ENABLED_DRIVERS=GTiff PNG JPEG GIF XYZ DTED USGSDEM AAIGrid, SESSIONNAME=Console, ALLUSERSPROFILE=C:\ProgramData, PROGRAMFILES(X86)=C:\Program Files (x86), GDAL_DATA=C:\Program Files (x86)\PostgreSQL\9.2\gdal-data, ASL.LOG=Destination=file, PROCESSOR_ARCHITECTURE=AMD64, PROGRAMFILES=C:\Program Files, APPDATA=C:\Users\ZC-16-012\AppData\Roaming, JETTY_HOME=D:\tools\jetty, POSTGIS_ENABLE_OUTDB_RASTERS=1, PSMODULEPATH=C:\Windows\system32\WindowsPowerShell\v1.0\Modules\, PROGRAMW6432=C:\Program Files, PROGRAMDATA=C:\ProgramData, SYSTEMROOT=C:\Windows, USERNAME=ZC-16-012, NODE_PATH=C:\Program Files\nodejs, PATHEXT=.COM;.EXE;.BAT;.CMD;.VBS;.VBE;.JS;.JSE;.WSF;.WSH;.MSC, OS=Windows_NT, COMMONPROGRAMW6432=C:\Program Files\Common Files, COMPUTERNAME=ADMINISTRATOR, COMMONPROGRAMFILES=C:\Program Files\Common Files, COMSPEC=C:\Windows\system32\cmd.exe, PROCESSOR_REVISION=1301, WINDIR=C:\Windows, =D:=D:\appProject\firstboot, HOMEPATH=\Users\ZC-16-012, TEMP=C:\Users\ZC-16-~1\AppData\Local\Temp, HOMEDRIVE=C:, PROCESSOR_IDENTIFIER=AMD64 Family 21 Model 19 Stepping 1, AuthenticAMD, USERPROFILE=C:\Users\ZC-16-012, TMP=C:\Users\ZC-16-~1\AppData\Local\Temp, M2_HOME=D:\evn\maven\apache-maven-3.2.1, PUBLIC=C:\Users\Public, NUMBER_OF_PROCESSORS=4, =::=::\}}]
16:54:36.660 [main] DEBUG org.springframework.core.env.MutablePropertySources - Adding PropertySource 'inline' with highest search precedence
16:54:36.677 [main] DEBUG org.springframework.test.context.support.TestPropertySourceUtils - Adding inlined properties to environment: {spring.jmx.enabled=false, org.springframework.boot.test.context.SpringBootTestContextBootstrapper=true, server.port=-1}
16:54:36.678 [main] DEBUG org.springframework.core.env.StandardEnvironment - Adding PropertySource 'Inlined Test Properties' with highest search precedence

  .   ____          _            __ _ _
 /\\ / ___'_ __ _ _(_)_ __  __ _ \ \ \ \
( ( )\___ | '_ | '_| | '_ \/ _` | \ \ \ \
 \\/  ___)| |_)| | | | | || (_| |  ) ) ) )
  '  |____| .__|_| |_|_| |_\__, | / / / /
 =========|_|==============|___/=/_/_/_/
 :: Spring Boot ::        (v1.5.9.RELEASE)

2018-10-19 16:54:37.272  INFO 13004 --- [           main] com.cn.betasoft.RedisTest                : Starting RedisTest on administrator with PID 13004 (started by ZC-16-012 in D:\appProject\firstboot)
2018-10-19 16:54:37.274  INFO 13004 --- [           main] com.cn.betasoft.RedisTest                : No active profile set, falling back to default profiles: default
2018-10-19 16:54:37.324  INFO 13004 --- [           main] o.s.w.c.s.GenericWebApplicationContext   : Refreshing org.springframework.web.context.support.GenericWebApplicationContext@305ffe9e: startup date [Fri Oct 19 16:54:37 CST 2018]; root of context hierarchy
2018-10-19 16:54:38.609  INFO 13004 --- [           main] .s.d.r.c.RepositoryConfigurationDelegate : Multiple Spring Data modules found, entering strict repository configuration mode!
2018-10-19 16:54:40.382  INFO 13004 --- [           main] s.w.s.m.m.a.RequestMappingHandlerAdapter : Looking for @ControllerAdvice: org.springframework.web.context.support.GenericWebApplicationContext@305ffe9e: startup date [Fri Oct 19 16:54:37 CST 2018]; root of context hierarchy
2018-10-19 16:54:40.481  INFO 13004 --- [           main] s.w.s.m.m.a.RequestMappingHandlerMapping : Mapped "{[/prop/{id}],methods=[GET]}" onto public com.cn.betasoft.appTest.model.Person com.cn.betasoft.appTest.controller.FirstController.getData(int)
2018-10-19 16:54:40.486  INFO 13004 --- [           main] s.w.s.m.m.a.RequestMappingHandlerMapping : Mapped "{[/hello],methods=[GET]}" onto public java.lang.String com.cn.betasoft.appTest.controller.HelloController.Hello()
2018-10-19 16:54:40.490  INFO 13004 --- [           main] s.w.s.m.m.a.RequestMappingHandlerMapping : Mapped "{[/hash/hgetall/{key}],methods=[GET]}" onto public java.util.Map com.cn.betasoft.redis.controller.RedisHashController.hgetAll(java.lang.String)
2018-10-19 16:54:40.490  INFO 13004 --- [           main] s.w.s.m.m.a.RequestMappingHandlerMapping : Mapped "{[/hash/hmset],methods=[POST]}" onto public com.cn.betasoft.redis.model.Response com.cn.betasoft.redis.controller.RedisHashController.hmset(java.lang.String,java.util.Map)
2018-10-19 16:54:40.493  INFO 13004 --- [           main] s.w.s.m.m.a.RequestMappingHandlerMapping : Mapped "{[/list/lpushAll],methods=[POST]}" onto public com.cn.betasoft.redis.model.Response com.cn.betasoft.redis.controller.RedisListController.lpushAll(java.lang.String,java.util.List<java.lang.String>)
2018-10-19 16:54:40.493  INFO 13004 --- [           main] s.w.s.m.m.a.RequestMappingHandlerMapping : Mapped "{[/list/lpop/{key}],methods=[GET]}" onto public java.lang.Object com.cn.betasoft.redis.controller.RedisListController.lpop(java.lang.String)
2018-10-19 16:54:40.493  INFO 13004 --- [           main] s.w.s.m.m.a.RequestMappingHandlerMapping : Mapped "{[/list/lrange/{key}],methods=[GET]}" onto public java.util.List com.cn.betasoft.redis.controller.RedisListController.lrange(java.lang.String)
2018-10-19 16:54:40.496  INFO 13004 --- [           main] s.w.s.m.m.a.RequestMappingHandlerMapping : Mapped "{[/string/get/{key}],methods=[GET]}" onto public java.lang.Object com.cn.betasoft.redis.controller.RedisStringController.get(java.lang.String)
2018-10-19 16:54:40.497  INFO 13004 --- [           main] s.w.s.m.m.a.RequestMappingHandlerMapping : Mapped "{[/string/del/{key}],methods=[GET]}" onto public com.cn.betasoft.redis.model.Response com.cn.betasoft.redis.controller.RedisStringController.delete(java.lang.String)
2018-10-19 16:54:40.497  INFO 13004 --- [           main] s.w.s.m.m.a.RequestMappingHandlerMapping : Mapped "{[/string/set/{key}/{value}],methods=[GET]}" onto public com.cn.betasoft.redis.model.Response com.cn.betasoft.redis.controller.RedisStringController.set(java.lang.String,java.lang.Object)
2018-10-19 16:54:40.498  INFO 13004 --- [           main] s.w.s.m.m.a.RequestMappingHandlerMapping : Mapped "{[/string/expire/{key}/{time}],methods=[GET]}" onto public com.cn.betasoft.redis.model.Response com.cn.betasoft.redis.controller.RedisStringController.expire(java.lang.String,long)
2018-10-19 16:54:40.499  INFO 13004 --- [           main] s.w.s.m.m.a.RequestMappingHandlerMapping : Mapped "{[/string/expireAt/{key}/{time}],methods=[GET]}" onto public com.cn.betasoft.redis.model.Response com.cn.betasoft.redis.controller.RedisStringController.expireDate(java.lang.String,java.lang.String)
2018-10-19 16:54:40.502  INFO 13004 --- [           main] s.w.s.m.m.a.RequestMappingHandlerMapping : Mapped "{[/error]}" onto public org.springframework.http.ResponseEntity<java.util.Map<java.lang.String, java.lang.Object>> org.springframework.boot.autoconfigure.web.BasicErrorController.error(javax.servlet.http.HttpServletRequest)
2018-10-19 16:54:40.503  INFO 13004 --- [           main] s.w.s.m.m.a.RequestMappingHandlerMapping : Mapped "{[/error],produces=[text/html]}" onto public org.springframework.web.servlet.ModelAndView org.springframework.boot.autoconfigure.web.BasicErrorController.errorHtml(javax.servlet.http.HttpServletRequest,javax.servlet.http.HttpServletResponse)
2018-10-19 16:54:40.545  INFO 13004 --- [           main] o.s.w.s.handler.SimpleUrlHandlerMapping  : Mapped URL path [/webjars/**] onto handler of type [class org.springframework.web.servlet.resource.ResourceHttpRequestHandler]
2018-10-19 16:54:40.545  INFO 13004 --- [           main] o.s.w.s.handler.SimpleUrlHandlerMapping  : Mapped URL path [/**] onto handler of type [class org.springframework.web.servlet.resource.ResourceHttpRequestHandler]
2018-10-19 16:54:40.604  INFO 13004 --- [           main] o.s.w.s.handler.SimpleUrlHandlerMapping  : Mapped URL path [/**/favicon.ico] onto handler of type [class org.springframework.web.servlet.resource.ResourceHttpRequestHandler]
2018-10-19 16:54:41.071  INFO 13004 --- [           main] com.cn.betasoft.RedisTest                : Started RedisTest in 4.376 seconds (JVM running for 5.458)
]]></system-out>
  </testcase>
  <testcase name="getJsontoBean" classname="com.cn.betasoft.RedisTest" time="2.003">
    <error message="Cannot get Jedis connection; nested exception is redis.clients.jedis.exceptions.JedisConnectionException: Could not get a resource from the pool" type="org.springframework.data.redis.RedisConnectionFailureException">org.springframework.data.redis.RedisConnectionFailureException: Cannot get Jedis connection; nested exception is redis.clients.jedis.exceptions.JedisConnectionException: Could not get a resource from the pool
	at java.net.DualStackPlainSocketImpl.waitForConnect(Native Method)
	at java.net.DualStackPlainSocketImpl.socketConnect(DualStackPlainSocketImpl.java:85)
	at java.net.AbstractPlainSocketImpl.doConnect(AbstractPlainSocketImpl.java:350)
	at java.net.AbstractPlainSocketImpl.connectToAddress(AbstractPlainSocketImpl.java:206)
	at java.net.AbstractPlainSocketImpl.connect(AbstractPlainSocketImpl.java:188)
	at java.net.PlainSocketImpl.connect(PlainSocketImpl.java:172)
	at java.net.SocksSocketImpl.connect(SocksSocketImpl.java:392)
	at java.net.Socket.connect(Socket.java:589)
	at redis.clients.jedis.Connection.connect(Connection.java:184)
	at redis.clients.jedis.BinaryClient.connect(BinaryClient.java:93)
	at redis.clients.jedis.BinaryJedis.connect(BinaryJedis.java:1767)
	at redis.clients.jedis.JedisFactory.makeObject(JedisFactory.java:106)
	at org.apache.commons.pool2.impl.GenericObjectPool.create(GenericObjectPool.java:888)
	at org.apache.commons.pool2.impl.GenericObjectPool.borrowObject(GenericObjectPool.java:432)
	at org.apache.commons.pool2.impl.GenericObjectPool.borrowObject(GenericObjectPool.java:361)
	at redis.clients.util.Pool.getResource(Pool.java:49)
	at redis.clients.jedis.JedisPool.getResource(JedisPool.java:226)
	at redis.clients.jedis.JedisPool.getResource(JedisPool.java:16)
	at org.springframework.data.redis.connection.jedis.JedisConnectionFactory.fetchJedisConnector(JedisConnectionFactory.java:194)
	at org.springframework.data.redis.connection.jedis.JedisConnectionFactory.getConnection(JedisConnectionFactory.java:348)
	at org.springframework.data.redis.core.RedisConnectionUtils.doGetConnection(RedisConnectionUtils.java:129)
	at org.springframework.data.redis.core.RedisConnectionUtils.getConnection(RedisConnectionUtils.java:92)
	at org.springframework.data.redis.core.RedisConnectionUtils.getConnection(RedisConnectionUtils.java:79)
	at org.springframework.data.redis.core.RedisTemplate.execute(RedisTemplate.java:194)
	at org.springframework.data.redis.core.RedisTemplate.execute(RedisTemplate.java:169)
	at org.springframework.data.redis.core.AbstractOperations.execute(AbstractOperations.java:91)
	at org.springframework.data.redis.core.DefaultValueOperations.get(DefaultValueOperations.java:43)
	at com.cn.betasoft.RedisTest.getJsontoBean(RedisTest.java:50)
</error>
  </testcase>
</testsuite>